[2025-06-17T09:00:06.552+0000] {local_task_job_runner.py:120} INFO - ::group::Pre task execution logs
[2025-06-17T09:00:06.574+0000] {taskinstance.py:2076} INFO - Dependencies all met for dep_context=non-requeueable deps ti=<TaskInstance: scrape_example.fetch manual__2025-06-17T09:00:05.887064+00:00 [queued]>
[2025-06-17T09:00:06.579+0000] {taskinstance.py:2076} INFO - Dependencies all met for dep_context=requeueable deps ti=<TaskInstance: scrape_example.fetch manual__2025-06-17T09:00:05.887064+00:00 [queued]>
[2025-06-17T09:00:06.580+0000] {taskinstance.py:2306} INFO - Starting attempt 1 of 1
[2025-06-17T09:00:06.587+0000] {taskinstance.py:2330} INFO - Executing <Task(_PythonDecoratedOperator): fetch> on 2025-06-17 09:00:05.887064+00:00
[2025-06-17T09:00:06.590+0000] {standard_task_runner.py:63} INFO - Started process 206 to run task
[2025-06-17T09:00:06.592+0000] {standard_task_runner.py:90} INFO - Running: ['***', 'tasks', 'run', 'scrape_example', 'fetch', 'manual__2025-06-17T09:00:05.887064+00:00', '--job-id', '7', '--raw', '--subdir', 'DAGS_FOLDER/prueba.py', '--cfg-path', '/tmp/tmp2hgf3j5t']
[2025-06-17T09:00:06.594+0000] {standard_task_runner.py:91} INFO - Job 7: Subtask fetch
[2025-06-17T09:00:06.631+0000] {task_command.py:426} INFO - Running <TaskInstance: scrape_example.fetch manual__2025-06-17T09:00:05.887064+00:00 [running]> on host c4efc6095b1f
[2025-06-17T09:00:06.826+0000] {taskinstance.py:2648} INFO - Exporting env vars: AIRFLOW_CTX_DAG_OWNER='***' AIRFLOW_CTX_DAG_ID='scrape_example' AIRFLOW_CTX_TASK_ID='fetch' AIRFLOW_CTX_EXECUTION_DATE='2025-06-17T09:00:05.887064+00:00' AIRFLOW_CTX_TRY_NUMBER='1' AIRFLOW_CTX_DAG_RUN_ID='manual__2025-06-17T09:00:05.887064+00:00'
[2025-06-17T09:00:06.827+0000] {taskinstance.py:430} INFO - ::endgroup::
[2025-06-17T09:00:06.828+0000] {python.py:237} INFO - Done. Returned value was: <coroutine object scrape_example.<locals>.fetch at 0x7f33f9f13a40>
[2025-06-17T09:00:06.829+0000] {taskinstance.py:441} INFO - ::group::Post task execution logs
[2025-06-17T09:00:06.839+0000] {xcom.py:675} ERROR - Object of type coroutine is not JSON serializable. If you are using pickle instead of JSON for XCom, then you need to enable pickle support for XCom in your *** config or make sure to decorate your object with attr.
[2025-06-17T09:00:06.840+0000] {taskinstance.py:2905} ERROR - Task failed with exception
Traceback (most recent call last):
  File "/home/airflow/.local/lib/python3.11/site-packages/airflow/utils/json.py", line 91, in default
    return serialize(o)
           ^^^^^^^^^^^^
  File "/home/airflow/.local/lib/python3.11/site-packages/airflow/serialization/serde.py", line 189, in serialize
    raise TypeError(f"cannot serialize object of type {cls}")
TypeError: cannot serialize object of type <class 'coroutine'>

During handling of the above exception, another exception occurred:

Traceback (most recent call last):
  File "/home/airflow/.local/lib/python3.11/site-packages/airflow/models/taskinstance.py", line 486, in _execute_task
    task_instance.xcom_push(key=XCOM_RETURN_KEY, value=xcom_value, session=session)
  File "/home/airflow/.local/lib/python3.11/site-packages/airflow/utils/session.py", line 76, in wrapper
    return func(*args, **kwargs)
           ^^^^^^^^^^^^^^^^^^^^^
  File "/home/airflow/.local/lib/python3.11/site-packages/airflow/models/taskinstance.py", line 3197, in xcom_push
    XCom.set(
  File "/home/airflow/.local/lib/python3.11/site-packages/airflow/utils/session.py", line 76, in wrapper
    return func(*args, **kwargs)
           ^^^^^^^^^^^^^^^^^^^^^
  File "/home/airflow/.local/lib/python3.11/site-packages/airflow/models/xcom.py", line 246, in set
    value = cls.serialize_value(
            ^^^^^^^^^^^^^^^^^^^^
  File "/home/airflow/.local/lib/python3.11/site-packages/airflow/models/xcom.py", line 673, in serialize_value
    return json.dumps(value, cls=XComEncoder).encode("UTF-8")
           ^^^^^^^^^^^^^^^^^^^^^^^^^^^^^^^^^^
  File "/usr/local/lib/python3.11/json/__init__.py", line 238, in dumps
    **kw).encode(obj)
          ^^^^^^^^^^^
  File "/home/airflow/.local/lib/python3.11/site-packages/airflow/utils/json.py", line 104, in encode
    return super().encode(o)
           ^^^^^^^^^^^^^^^^^
  File "/usr/local/lib/python3.11/json/encoder.py", line 200, in encode
    chunks = self.iterencode(o, _one_shot=True)
             ^^^^^^^^^^^^^^^^^^^^^^^^^^^^^^^^^^
  File "/usr/local/lib/python3.11/json/encoder.py", line 258, in iterencode
    return _iterencode(o, 0)
           ^^^^^^^^^^^^^^^^^
  File "/home/airflow/.local/lib/python3.11/site-packages/airflow/utils/json.py", line 93, in default
    return super().default(o)
           ^^^^^^^^^^^^^^^^^^
  File "/usr/local/lib/python3.11/json/encoder.py", line 180, in default
    raise TypeError(f'Object of type {o.__class__.__name__} '
TypeError: Object of type coroutine is not JSON serializable
[2025-06-17T09:00:06.850+0000] {taskinstance.py:1206} INFO - Marking task as FAILED. dag_id=scrape_example, task_id=fetch, run_id=manual__2025-06-17T09:00:05.887064+00:00, execution_date=20250617T090005, start_date=20250617T090006, end_date=20250617T090006
[2025-06-17T09:00:06.859+0000] {standard_task_runner.py:110} ERROR - Failed to execute job 7 for task fetch (Object of type coroutine is not JSON serializable; 206)
[2025-06-17T09:00:06.885+0000] {local_task_job_runner.py:240} INFO - Task exited with return code 1
[2025-06-17T09:00:06.897+0000] {taskinstance.py:3503} INFO - 0 downstream tasks scheduled from follow-on schedule check
[2025-06-17T09:00:06.898+0000] {local_task_job_runner.py:222} INFO - ::endgroup::
